2025-04-14 16:38:31,099 INFO: Inicio de la aplicación [in /Users/mcc/Documents/Develop/backup/dinqr/backend/app.py:34]
2025-04-14 16:38:31,205 INFO: Permissions and roles initialized successfully. [in /Users/mcc/Documents/Develop/backup/dinqr/backend/models/user.py:139]
2025-04-14 16:38:31,205 INFO: Permisos y roles inicializados correctamente [in /Users/mcc/Documents/Develop/backup/dinqr/backend/app.py:49]
2025-07-01 17:07:47,711 INFO: App iniciada [in /Users/mcc/Documents/Develop/backup/dinqr/backend/app.py:68]
2025-07-01 17:07:47,750 INFO: Permissions and roles initialized successfully. [in /Users/mcc/Documents/Develop/backup/dinqr/backend/models/user.py:139]
2025-07-01 17:07:47,750 INFO: Permisos inicializados correctamente [in /Users/mcc/Documents/Develop/backup/dinqr/backend/app.py:82]
2025-07-02 09:50:36,672 [INFO] app: ================================================== [in /Users/mcc/Documents/Develop/backup/dinqr/backend/app.py:255]
2025-07-02 09:50:36,673 [INFO] app: DINQR Backend Application Starting [in /Users/mcc/Documents/Develop/backup/dinqr/backend/app.py:256]
2025-07-02 09:50:36,673 [INFO] app: ================================================== [in /Users/mcc/Documents/Develop/backup/dinqr/backend/app.py:257]
2025-07-02 09:50:36,673 [INFO] app: Environment: production [in /Users/mcc/Documents/Develop/backup/dinqr/backend/app.py:258]
2025-07-02 09:50:36,674 [INFO] app: Debug mode: False [in /Users/mcc/Documents/Develop/backup/dinqr/backend/app.py:259]
2025-07-02 09:50:36,674 [INFO] app: Database URI: localhost:5432/localdb [in /Users/mcc/Documents/Develop/backup/dinqr/backend/app.py:260]
2025-07-02 09:50:36,753 [INFO] app: Permissions and roles initialized successfully. [in /Users/mcc/Documents/Develop/backup/dinqr/backend/models/user.py:139]
2025-07-02 09:50:36,754 [INFO] app: Permissions initialized successfully [in /Users/mcc/Documents/Develop/backup/dinqr/backend/app.py:107]
2025-07-02 09:50:36,771 [WARNING] app: Failed to connect to Redis: Error 61 connecting to localhost:6379. Connection refused.. Using memory storage. [in /Users/mcc/Documents/Develop/backup/dinqr/backend/app.py:216]
2025-07-02 09:50:36,772 [INFO] app: ================================================== [in /Users/mcc/Documents/Develop/backup/dinqr/backend/app.py:255]
2025-07-02 09:50:36,772 [INFO] app: ================================================== [in /Users/mcc/Documents/Develop/backup/dinqr/backend/app.py:255]
2025-07-02 09:50:36,772 [INFO] app: DINQR Backend Application Starting [in /Users/mcc/Documents/Develop/backup/dinqr/backend/app.py:256]
2025-07-02 09:50:36,772 [INFO] app: DINQR Backend Application Starting [in /Users/mcc/Documents/Develop/backup/dinqr/backend/app.py:256]
2025-07-02 09:50:36,772 [INFO] app: ================================================== [in /Users/mcc/Documents/Develop/backup/dinqr/backend/app.py:257]
2025-07-02 09:50:36,772 [INFO] app: ================================================== [in /Users/mcc/Documents/Develop/backup/dinqr/backend/app.py:257]
2025-07-02 09:50:36,773 [INFO] app: Environment: production [in /Users/mcc/Documents/Develop/backup/dinqr/backend/app.py:258]
2025-07-02 09:50:36,773 [INFO] app: Environment: production [in /Users/mcc/Documents/Develop/backup/dinqr/backend/app.py:258]
2025-07-02 09:50:36,773 [INFO] app: Debug mode: False [in /Users/mcc/Documents/Develop/backup/dinqr/backend/app.py:259]
2025-07-02 09:50:36,773 [INFO] app: Debug mode: False [in /Users/mcc/Documents/Develop/backup/dinqr/backend/app.py:259]
2025-07-02 09:50:36,773 [INFO] app: Database URI: localhost:5432/localdb [in /Users/mcc/Documents/Develop/backup/dinqr/backend/app.py:260]
2025-07-02 09:50:36,773 [INFO] app: Database URI: localhost:5432/localdb [in /Users/mcc/Documents/Develop/backup/dinqr/backend/app.py:260]
2025-07-02 09:50:36,793 [INFO] app: Permissions and roles initialized successfully. [in /Users/mcc/Documents/Develop/backup/dinqr/backend/models/user.py:139]
2025-07-02 09:50:36,793 [INFO] app: Permissions and roles initialized successfully. [in /Users/mcc/Documents/Develop/backup/dinqr/backend/models/user.py:139]
2025-07-02 09:50:36,793 [INFO] app: Permissions initialized successfully [in /Users/mcc/Documents/Develop/backup/dinqr/backend/app.py:107]
2025-07-02 09:50:36,793 [INFO] app: Permissions initialized successfully [in /Users/mcc/Documents/Develop/backup/dinqr/backend/app.py:107]
2025-07-02 09:50:36,808 [WARNING] app: ============================================================ [in /Users/mcc/Documents/Develop/backup/dinqr/backend/app.py:272]
2025-07-02 09:50:36,808 [WARNING] app: ============================================================ [in /Users/mcc/Documents/Develop/backup/dinqr/backend/app.py:272]
2025-07-02 09:50:36,808 [WARNING] app: WARNING: Running development server [in /Users/mcc/Documents/Develop/backup/dinqr/backend/app.py:273]
2025-07-02 09:50:36,808 [WARNING] app: WARNING: Running development server [in /Users/mcc/Documents/Develop/backup/dinqr/backend/app.py:273]
2025-07-02 09:50:36,809 [WARNING] app: For production use: [in /Users/mcc/Documents/Develop/backup/dinqr/backend/app.py:274]
2025-07-02 09:50:36,809 [WARNING] app: For production use: [in /Users/mcc/Documents/Develop/backup/dinqr/backend/app.py:274]
2025-07-02 09:50:36,809 [WARNING] app:   python waitress_server.py [in /Users/mcc/Documents/Develop/backup/dinqr/backend/app.py:275]
2025-07-02 09:50:36,809 [WARNING] app:   python waitress_server.py [in /Users/mcc/Documents/Develop/backup/dinqr/backend/app.py:275]
2025-07-02 09:50:36,809 [WARNING] app:   python windows_service.py install [in /Users/mcc/Documents/Develop/backup/dinqr/backend/app.py:276]
2025-07-02 09:50:36,809 [WARNING] app:   python windows_service.py install [in /Users/mcc/Documents/Develop/backup/dinqr/backend/app.py:276]
2025-07-02 09:50:36,809 [WARNING] app: ============================================================ [in /Users/mcc/Documents/Develop/backup/dinqr/backend/app.py:277]
2025-07-02 09:50:36,809 [WARNING] app: ============================================================ [in /Users/mcc/Documents/Develop/backup/dinqr/backend/app.py:277]
