2025-08-12 17:12:09,102 [INFO] app: ================================================== [in app.py:247]
2025-08-12 17:12:09,105 [INFO] app: DINQR Backend Application Starting [in app.py:248]
2025-08-12 17:12:09,106 [INFO] app: ================================================== [in app.py:249]
2025-08-12 17:12:09,107 [INFO] app: Environment: production [in app.py:250]
2025-08-12 17:12:09,108 [INFO] app: Debug mode: False [in app.py:251]
2025-08-12 17:12:09,109 [INFO] app: Database URI: 192.168.253.133:5432/localdb [in app.py:252]
2025-08-12 17:12:09,235 [INFO] app: Permissions and roles initialized successfully. [in models\user.py:139]
2025-08-12 17:12:09,254 [INFO] app: Permissions initialized successfully [in app.py:113]
2025-08-12 17:12:26,183 [INFO] app: ================================================== [in app.py:247]
2025-08-12 17:12:26,184 [INFO] app: DINQR Backend Application Starting [in app.py:248]
2025-08-12 17:12:26,185 [INFO] app: ================================================== [in app.py:249]
2025-08-12 17:12:26,186 [INFO] app: Environment: production [in app.py:250]
2025-08-12 17:12:26,187 [INFO] app: Debug mode: False [in app.py:251]
2025-08-12 17:12:26,188 [INFO] app: Database URI: 192.168.253.133:5432/localdb [in app.py:252]
2025-08-12 17:12:26,317 [INFO] app: Permissions and roles initialized successfully. [in models\user.py:139]
2025-08-12 17:12:26,319 [INFO] app: Permissions initialized successfully [in app.py:113]
2025-08-12 17:12:30,140 [INFO] app: ================================================== [in app.py:247]
2025-08-12 17:12:30,142 [INFO] app: DINQR Backend Application Starting [in app.py:248]
2025-08-12 17:12:30,145 [INFO] app: ================================================== [in app.py:249]
2025-08-12 17:12:30,146 [INFO] app: Environment: production [in app.py:250]
2025-08-12 17:12:30,147 [INFO] app: Debug mode: False [in app.py:251]
2025-08-12 17:12:30,149 [INFO] app: Database URI: 192.168.253.133:5432/localdb [in app.py:252]
2025-08-12 17:12:30,293 [INFO] app: Permissions and roles initialized successfully. [in models\user.py:139]
2025-08-12 17:12:30,532 [INFO] app: Permissions initialized successfully [in app.py:113]
2025-08-12 17:12:33,749 [INFO] app: ================================================== [in app.py:247]
2025-08-12 17:12:33,749 [INFO] app: DINQR Backend Application Starting [in app.py:248]
2025-08-12 17:12:33,749 [INFO] app: ================================================== [in app.py:249]
2025-08-12 17:12:33,749 [INFO] app: Environment: production [in app.py:250]
2025-08-12 17:12:33,749 [INFO] app: Debug mode: False [in app.py:251]
2025-08-12 17:12:33,749 [INFO] app: Database URI: 192.168.253.133:5432/localdb [in app.py:252]
2025-08-12 17:12:33,970 [INFO] app: Permissions and roles initialized successfully. [in models\user.py:139]
2025-08-12 17:12:33,970 [INFO] app: Permissions initialized successfully [in app.py:113]
2025-08-12 17:12:50,939 [INFO] app: ================================================== [in app.py:247]
2025-08-12 17:12:50,940 [INFO] app: DINQR Backend Application Starting [in app.py:248]
2025-08-12 17:12:50,957 [INFO] app: ================================================== [in app.py:249]
2025-08-12 17:12:50,958 [INFO] app: Environment: production [in app.py:250]
2025-08-12 17:12:50,960 [INFO] app: Debug mode: False [in app.py:251]
2025-08-12 17:12:50,962 [INFO] app: Database URI: 192.168.253.133:5432/localdb [in app.py:252]
2025-08-12 17:12:51,113 [INFO] app: Permissions and roles initialized successfully. [in models\user.py:139]
2025-08-12 17:12:51,119 [INFO] app: Permissions initialized successfully [in app.py:113]
2025-08-12 17:37:50,354 [INFO] app: ================================================== [in app.py:247]
2025-08-12 17:37:50,355 [INFO] app: DINQR Backend Application Starting [in app.py:248]
2025-08-12 17:37:50,356 [INFO] app: ================================================== [in app.py:249]
2025-08-12 17:37:50,357 [INFO] app: Environment: production [in app.py:250]
2025-08-12 17:37:50,357 [INFO] app: Debug mode: False [in app.py:251]
2025-08-12 17:37:50,358 [INFO] app: Database URI: 192.168.253.133:5432/localdb [in app.py:252]
2025-08-12 17:37:50,470 [INFO] app: Permissions and roles initialized successfully. [in models\user.py:139]
2025-08-12 17:37:50,485 [INFO] app: Permissions initialized successfully [in app.py:113]
2025-08-12 17:38:34,317 [INFO] app: ================================================== [in app.py:247]
2025-08-12 17:38:34,318 [INFO] app: DINQR Backend Application Starting [in app.py:248]
2025-08-12 17:38:34,319 [INFO] app: ================================================== [in app.py:249]
2025-08-12 17:38:34,320 [INFO] app: Environment: production [in app.py:250]
2025-08-12 17:38:34,320 [INFO] app: Debug mode: False [in app.py:251]
2025-08-12 17:38:34,321 [INFO] app: Database URI: 192.168.253.133:5432/localdb [in app.py:252]
2025-08-12 17:38:34,435 [INFO] app: Permissions and roles initialized successfully. [in models\user.py:139]
2025-08-12 17:38:34,437 [INFO] app: Permissions initialized successfully [in app.py:113]
2025-08-12 17:39:45,938 [INFO] app: ================================================== [in app.py:247]
2025-08-12 17:39:45,939 [INFO] app: DINQR Backend Application Starting [in app.py:248]
2025-08-12 17:39:45,940 [INFO] app: ================================================== [in app.py:249]
2025-08-12 17:39:45,940 [INFO] app: Environment: production [in app.py:250]
2025-08-12 17:39:45,941 [INFO] app: Debug mode: False [in app.py:251]
2025-08-12 17:39:45,942 [INFO] app: Database URI: 192.168.253.133:5432/localdb [in app.py:252]
2025-08-12 17:39:46,066 [INFO] app: Permissions and roles initialized successfully. [in models\user.py:139]
2025-08-12 17:39:46,068 [INFO] app: Permissions initialized successfully [in app.py:113]
2025-08-12 17:41:23,644 [INFO] app: ================================================== [in app.py:247]
2025-08-12 17:41:23,645 [INFO] app: DINQR Backend Application Starting [in app.py:248]
2025-08-12 17:41:23,646 [INFO] app: ================================================== [in app.py:249]
2025-08-12 17:41:23,647 [INFO] app: Environment: production [in app.py:250]
2025-08-12 17:41:23,647 [INFO] app: Debug mode: False [in app.py:251]
2025-08-12 17:41:23,647 [INFO] app: Database URI: 192.168.253.133:5432/localdb [in app.py:252]
2025-08-12 17:41:23,801 [INFO] app: Permissions and roles initialized successfully. [in models\user.py:139]
2025-08-12 17:41:23,802 [INFO] app: Permissions initialized successfully [in app.py:113]
2025-08-12 17:43:54,276 [INFO] app: ================================================== [in app.py:247]
2025-08-12 17:43:54,278 [INFO] app: DINQR Backend Application Starting [in app.py:248]
2025-08-12 17:43:54,278 [INFO] app: ================================================== [in app.py:249]
2025-08-12 17:43:54,279 [INFO] app: Environment: production [in app.py:250]
2025-08-12 17:43:54,280 [INFO] app: Debug mode: False [in app.py:251]
2025-08-12 17:43:54,281 [INFO] app: Database URI: 192.168.253.133:5432/localdb [in app.py:252]
2025-08-12 17:43:54,406 [INFO] app: Permissions and roles initialized successfully. [in models\user.py:139]
2025-08-12 17:43:54,409 [INFO] app: Permissions initialized successfully [in app.py:113]
2025-08-12 17:44:25,199 [INFO] app: ================================================== [in app.py:247]
2025-08-12 17:44:25,200 [INFO] app: DINQR Backend Application Starting [in app.py:248]
2025-08-12 17:44:25,200 [INFO] app: ================================================== [in app.py:249]
2025-08-12 17:44:25,202 [INFO] app: Environment: production [in app.py:250]
2025-08-12 17:44:25,202 [INFO] app: Debug mode: False [in app.py:251]
2025-08-12 17:44:25,203 [INFO] app: Database URI: 192.168.253.133:5432/localdb [in app.py:252]
2025-08-12 17:44:25,349 [INFO] app: Permissions and roles initialized successfully. [in models\user.py:139]
2025-08-12 17:44:25,350 [INFO] app: Permissions initialized successfully [in app.py:113]
2025-08-12 17:45:00,127 [INFO] app: ================================================== [in app.py:247]
2025-08-12 17:45:00,128 [INFO] app: DINQR Backend Application Starting [in app.py:248]
2025-08-12 17:45:00,130 [INFO] app: ================================================== [in app.py:249]
2025-08-12 17:45:00,130 [INFO] app: Environment: production [in app.py:250]
2025-08-12 17:45:00,131 [INFO] app: Debug mode: False [in app.py:251]
2025-08-12 17:45:00,131 [INFO] app: Database URI: 192.168.253.133:5432/localdb [in app.py:252]
2025-08-12 17:45:00,274 [INFO] app: Permissions and roles initialized successfully. [in models\user.py:139]
2025-08-12 17:45:00,275 [INFO] app: Permissions initialized successfully [in app.py:113]
2025-08-13 12:43:32,807 [INFO] app: ================================================== [in app.py:247]
2025-08-13 12:43:32,843 [INFO] app: DINQR Backend Application Starting [in app.py:248]
2025-08-13 12:43:32,844 [INFO] app: ================================================== [in app.py:249]
2025-08-13 12:43:32,846 [INFO] app: Environment: production [in app.py:250]
2025-08-13 12:43:32,847 [INFO] app: Debug mode: False [in app.py:251]
2025-08-13 12:43:32,849 [INFO] app: Database URI: 192.168.253.133:5432/localdb [in app.py:252]
2025-08-13 12:43:33,069 [INFO] app: Permissions and roles initialized successfully. [in models\user.py:139]
2025-08-13 12:43:33,070 [INFO] app: Permissions initialized successfully [in app.py:113]
